<?xml version="1.0" encoding="UTF-8"?>
<!-- Generated by org.testng.reporters.JUnitXMLReporter -->
<testsuite ignored="0" hostname="Dharmender" failures="0" tests="14" name="Functional Tests" time="93.22" errors="0" timestamp="2025-09-07T20:35:04 IST">
  <testcase classname="tests.AuthTests" name="loginAfterSignup" time="5.166"/>
  <testcase classname="tests.AuthTests" name="loginInvalid" time="0.847"/>
  <testcase classname="tests.AuthTests" name="loginInvalid" time="0.81"/>
  <testcase classname="tests.AuthTests" name="loginInvalid" time="0.84"/>
  <testcase classname="tests.AuthTests" name="loginInvalid" time="1.836"/>
  <testcase classname="tests.AuthTests" name="loginWrongPasswordOnly" time="3.741"/>
  <testcase classname="tests.AuthTests" name="signupNewUser" time="1.898"/>
  <testcase classname="tests.BrowseTests" name="browseLaptops" time="3.066"/>
  <testcase classname="tests.BrowseTests" name="browseMonitors" time="3.138"/>
  <testcase classname="tests.BrowseTests" name="browsePhones" time="2.54"/>
  <testcase classname="tests.CartTests" name="addSingleProduct" time="5.714"/>
  <testcase classname="tests.CartTests" name="cartPersistence" time="7.082"/>
  <testcase classname="tests.OrderTests" name="orderInvalidCardShowsAlert" time="9.177"/>
  <testcase classname="tests.OrderTests" name="placeOrderAndVerifySingleItem" time="10.57"/>
</testsuite> <!-- Functional Tests -->
