<?xml version="1.0" encoding="UTF-8"?>
<testng-results ignored="0" total="14" passed="14" failed="0" skipped="0">
  <reporter-output>
  </reporter-output>
  <suite started-at="2025-09-07T20:33:31 IST" name="Demoblaze Suite" finished-at="2025-09-07T20:35:04 IST" duration-ms="93220">
    <groups>
    </groups>
    <test started-at="2025-09-07T20:33:31 IST" name="Functional Tests" finished-at="2025-09-07T20:35:04 IST" duration-ms="93220">
      <class name="tests.OrderTests">
        <test-method is-config="true" signature="setUp()[pri:0, instance:tests.OrderTests@131774fe]" started-at="2025-09-07T20:34:40 IST" name="setUp" finished-at="2025-09-07T20:34:42 IST" duration-ms="2150" status="PASS">
          <reporter-output>
          </reporter-output>
        </test-method> <!-- setUp -->
        <test-method signature="orderInvalidCardShowsAlert()[pri:0, instance:tests.OrderTests@131774fe]" started-at="2025-09-07T20:34:42 IST" name="orderInvalidCardShowsAlert" description="Invalid order with short card number should show alert" finished-at="2025-09-07T20:34:51 IST" duration-ms="9177" status="PASS">
          <reporter-output>
          </reporter-output>
        </test-method> <!-- orderInvalidCardShowsAlert -->
        <test-method is-config="true" signature="tearDown()[pri:0, instance:tests.OrderTests@131774fe]" started-at="2025-09-07T20:34:51 IST" name="tearDown" finished-at="2025-09-07T20:34:51 IST" duration-ms="165" status="PASS">
          <reporter-output>
          </reporter-output>
        </test-method> <!-- tearDown -->
        <test-method is-config="true" signature="setUp()[pri:0, instance:tests.OrderTests@131774fe]" started-at="2025-09-07T20:34:51 IST" name="setUp" finished-at="2025-09-07T20:34:53 IST" duration-ms="2304" status="PASS">
          <reporter-output>
          </reporter-output>
        </test-method> <!-- setUp -->
        <test-method signature="placeOrderAndVerifySingleItem()[pri:0, instance:tests.OrderTests@131774fe]" started-at="2025-09-07T20:34:53 IST" name="placeOrderAndVerifySingleItem" description="Place an order for single item and verify confirmation" finished-at="2025-09-07T20:35:04 IST" duration-ms="10570" status="PASS">
          <reporter-output>
          </reporter-output>
        </test-method> <!-- placeOrderAndVerifySingleItem -->
        <test-method is-config="true" signature="tearDown()[pri:0, instance:tests.OrderTests@131774fe]" started-at="2025-09-07T20:35:04 IST" name="tearDown" finished-at="2025-09-07T20:35:04 IST" duration-ms="258" status="PASS">
          <reporter-output>
          </reporter-output>
        </test-method> <!-- tearDown -->
      </class> <!-- tests.OrderTests -->
      <class name="tests.AuthTests">
        <test-method is-config="true" signature="setUp()[pri:0, instance:tests.AuthTests@6b927fb]" started-at="2025-09-07T20:33:31 IST" name="setUp" finished-at="2025-09-07T20:33:37 IST" duration-ms="5892" status="PASS">
          <reporter-output>
          </reporter-output>
        </test-method> <!-- setUp -->
        <test-method signature="loginAfterSignup()[pri:0, instance:tests.AuthTests@6b927fb]" started-at="2025-09-07T20:33:37 IST" name="loginAfterSignup" description="Login with valid credentials after signup" finished-at="2025-09-07T20:33:42 IST" duration-ms="5166" status="PASS">
          <reporter-output>
          </reporter-output>
        </test-method> <!-- loginAfterSignup -->
        <test-method is-config="true" signature="tearDown()[pri:0, instance:tests.AuthTests@6b927fb]" started-at="2025-09-07T20:33:42 IST" name="tearDown" finished-at="2025-09-07T20:33:42 IST" duration-ms="139" status="PASS">
          <reporter-output>
          </reporter-output>
        </test-method> <!-- tearDown -->
        <test-method is-config="true" signature="setUp()[pri:0, instance:tests.AuthTests@6b927fb]" started-at="2025-09-07T20:33:42 IST" name="setUp" finished-at="2025-09-07T20:33:44 IST" duration-ms="2095" status="PASS">
          <reporter-output>
          </reporter-output>
        </test-method> <!-- setUp -->
        <test-method signature="loginInvalid(java.lang.String,java.lang.String)[pri:0, instance:tests.AuthTests@6b927fb]" started-at="2025-09-07T20:33:44 IST" name="loginInvalid" description="Login invalid combinations -&gt; expect alert" data-provider="invalidCreds" finished-at="2025-09-07T20:33:45 IST" duration-ms="847" status="PASS">
          <params>
            <param index="0">
              <value>
                <![CDATA[]]>
              </value>
            </param>
            <param index="1">
              <value>
                <![CDATA[]]>
              </value>
            </param>
          </params>
          <reporter-output>
          </reporter-output>
        </test-method> <!-- loginInvalid -->
        <test-method is-config="true" signature="tearDown()[pri:0, instance:tests.AuthTests@6b927fb]" started-at="2025-09-07T20:33:45 IST" name="tearDown" finished-at="2025-09-07T20:33:45 IST" duration-ms="127" status="PASS">
          <reporter-output>
          </reporter-output>
        </test-method> <!-- tearDown -->
        <test-method is-config="true" signature="setUp()[pri:0, instance:tests.AuthTests@6b927fb]" started-at="2025-09-07T20:33:45 IST" name="setUp" finished-at="2025-09-07T20:33:48 IST" duration-ms="2236" status="PASS">
          <reporter-output>
          </reporter-output>
        </test-method> <!-- setUp -->
        <test-method signature="loginInvalid(java.lang.String,java.lang.String)[pri:0, instance:tests.AuthTests@6b927fb]" started-at="2025-09-07T20:33:48 IST" name="loginInvalid" description="Login invalid combinations -&gt; expect alert" data-provider="invalidCreds" finished-at="2025-09-07T20:33:48 IST" duration-ms="810" status="PASS">
          <params>
            <param index="0">
              <value>
                <![CDATA[someUser]]>
              </value>
            </param>
            <param index="1">
              <value>
                <![CDATA[]]>
              </value>
            </param>
          </params>
          <reporter-output>
          </reporter-output>
        </test-method> <!-- loginInvalid -->
        <test-method is-config="true" signature="tearDown()[pri:0, instance:tests.AuthTests@6b927fb]" started-at="2025-09-07T20:33:48 IST" name="tearDown" finished-at="2025-09-07T20:33:48 IST" duration-ms="131" status="PASS">
          <reporter-output>
          </reporter-output>
        </test-method> <!-- tearDown -->
        <test-method is-config="true" signature="setUp()[pri:0, instance:tests.AuthTests@6b927fb]" started-at="2025-09-07T20:33:48 IST" name="setUp" finished-at="2025-09-07T20:33:51 IST" duration-ms="2066" status="PASS">
          <reporter-output>
          </reporter-output>
        </test-method> <!-- setUp -->
        <test-method signature="loginInvalid(java.lang.String,java.lang.String)[pri:0, instance:tests.AuthTests@6b927fb]" started-at="2025-09-07T20:33:51 IST" name="loginInvalid" description="Login invalid combinations -&gt; expect alert" data-provider="invalidCreds" finished-at="2025-09-07T20:33:51 IST" duration-ms="840" status="PASS">
          <params>
            <param index="0">
              <value>
                <![CDATA[]]>
              </value>
            </param>
            <param index="1">
              <value>
                <![CDATA[somePass]]>
              </value>
            </param>
          </params>
          <reporter-output>
          </reporter-output>
        </test-method> <!-- loginInvalid -->
        <test-method is-config="true" signature="tearDown()[pri:0, instance:tests.AuthTests@6b927fb]" started-at="2025-09-07T20:33:51 IST" name="tearDown" finished-at="2025-09-07T20:33:52 IST" duration-ms="152" status="PASS">
          <reporter-output>
          </reporter-output>
        </test-method> <!-- tearDown -->
        <test-method is-config="true" signature="setUp()[pri:0, instance:tests.AuthTests@6b927fb]" started-at="2025-09-07T20:33:52 IST" name="setUp" finished-at="2025-09-07T20:33:54 IST" duration-ms="2214" status="PASS">
          <reporter-output>
          </reporter-output>
        </test-method> <!-- setUp -->
        <test-method signature="loginInvalid(java.lang.String,java.lang.String)[pri:0, instance:tests.AuthTests@6b927fb]" started-at="2025-09-07T20:33:54 IST" name="loginInvalid" description="Login invalid combinations -&gt; expect alert" data-provider="invalidCreds" finished-at="2025-09-07T20:33:56 IST" duration-ms="1836" status="PASS">
          <params>
            <param index="0">
              <value>
                <![CDATA[wrongUser]]>
              </value>
            </param>
            <param index="1">
              <value>
                <![CDATA[wrongPass]]>
              </value>
            </param>
          </params>
          <reporter-output>
          </reporter-output>
        </test-method> <!-- loginInvalid -->
        <test-method is-config="true" signature="tearDown()[pri:0, instance:tests.AuthTests@6b927fb]" started-at="2025-09-07T20:33:56 IST" name="tearDown" finished-at="2025-09-07T20:33:56 IST" duration-ms="135" status="PASS">
          <reporter-output>
          </reporter-output>
        </test-method> <!-- tearDown -->
        <test-method is-config="true" signature="setUp()[pri:0, instance:tests.AuthTests@6b927fb]" started-at="2025-09-07T20:33:56 IST" name="setUp" finished-at="2025-09-07T20:33:58 IST" duration-ms="2143" status="PASS">
          <reporter-output>
          </reporter-output>
        </test-method> <!-- setUp -->
        <test-method signature="loginWrongPasswordOnly()[pri:0, instance:tests.AuthTests@6b927fb]" started-at="2025-09-07T20:33:58 IST" name="loginWrongPasswordOnly" description="Login wrong password only -&gt; alert" finished-at="2025-09-07T20:34:02 IST" duration-ms="3741" status="PASS">
          <reporter-output>
          </reporter-output>
        </test-method> <!-- loginWrongPasswordOnly -->
        <test-method is-config="true" signature="tearDown()[pri:0, instance:tests.AuthTests@6b927fb]" started-at="2025-09-07T20:34:02 IST" name="tearDown" finished-at="2025-09-07T20:34:02 IST" duration-ms="132" status="PASS">
          <reporter-output>
          </reporter-output>
        </test-method> <!-- tearDown -->
        <test-method is-config="true" signature="setUp()[pri:0, instance:tests.AuthTests@6b927fb]" started-at="2025-09-07T20:34:02 IST" name="setUp" finished-at="2025-09-07T20:34:04 IST" duration-ms="2645" status="PASS">
          <reporter-output>
          </reporter-output>
        </test-method> <!-- setUp -->
        <test-method signature="signupNewUser()[pri:0, instance:tests.AuthTests@6b927fb]" started-at="2025-09-07T20:34:04 IST" name="signupNewUser" description="Signup with a new user and verify alert" finished-at="2025-09-07T20:34:06 IST" duration-ms="1898" status="PASS">
          <reporter-output>
          </reporter-output>
        </test-method> <!-- signupNewUser -->
        <test-method is-config="true" signature="tearDown()[pri:0, instance:tests.AuthTests@6b927fb]" started-at="2025-09-07T20:34:06 IST" name="tearDown" finished-at="2025-09-07T20:34:06 IST" duration-ms="129" status="PASS">
          <reporter-output>
          </reporter-output>
        </test-method> <!-- tearDown -->
      </class> <!-- tests.AuthTests -->
      <class name="tests.CartTests">
        <test-method is-config="true" signature="setUp()[pri:0, instance:tests.CartTests@10e31a9a]" started-at="2025-09-07T20:34:22 IST" name="setUp" finished-at="2025-09-07T20:34:24 IST" duration-ms="2207" status="PASS">
          <reporter-output>
          </reporter-output>
        </test-method> <!-- setUp -->
        <test-method signature="addSingleProduct()[pri:0, instance:tests.CartTests@10e31a9a]" started-at="2025-09-07T20:34:24 IST" name="addSingleProduct" description="Add single product to cart and verify presence" finished-at="2025-09-07T20:34:30 IST" duration-ms="5714" status="PASS">
          <reporter-output>
          </reporter-output>
        </test-method> <!-- addSingleProduct -->
        <test-method is-config="true" signature="tearDown()[pri:0, instance:tests.CartTests@10e31a9a]" started-at="2025-09-07T20:34:30 IST" name="tearDown" finished-at="2025-09-07T20:34:30 IST" duration-ms="165" status="PASS">
          <reporter-output>
          </reporter-output>
        </test-method> <!-- tearDown -->
        <test-method is-config="true" signature="setUp()[pri:0, instance:tests.CartTests@10e31a9a]" started-at="2025-09-07T20:34:30 IST" name="setUp" finished-at="2025-09-07T20:34:32 IST" duration-ms="2245" status="PASS">
          <reporter-output>
          </reporter-output>
        </test-method> <!-- setUp -->
        <test-method signature="cartPersistence()[pri:0, instance:tests.CartTests@10e31a9a]" started-at="2025-09-07T20:34:32 IST" name="cartPersistence" description="Cart persistence after navigation" finished-at="2025-09-07T20:34:39 IST" duration-ms="7082" status="PASS">
          <reporter-output>
          </reporter-output>
        </test-method> <!-- cartPersistence -->
        <test-method is-config="true" signature="tearDown()[pri:0, instance:tests.CartTests@10e31a9a]" started-at="2025-09-07T20:34:39 IST" name="tearDown" finished-at="2025-09-07T20:34:40 IST" duration-ms="132" status="PASS">
          <reporter-output>
          </reporter-output>
        </test-method> <!-- tearDown -->
      </class> <!-- tests.CartTests -->
      <class name="tests.BrowseTests">
        <test-method is-config="true" signature="setUp()[pri:0, instance:tests.BrowseTests@3febb011]" started-at="2025-09-07T20:34:06 IST" name="setUp" finished-at="2025-09-07T20:34:08 IST" duration-ms="2005" status="PASS">
          <reporter-output>
          </reporter-output>
        </test-method> <!-- setUp -->
        <test-method signature="browseLaptops()[pri:0, instance:tests.BrowseTests@3febb011]" started-at="2025-09-07T20:34:08 IST" name="browseLaptops" description="Browse Laptops and verify product details" finished-at="2025-09-07T20:34:11 IST" duration-ms="3066" status="PASS">
          <reporter-output>
          </reporter-output>
        </test-method> <!-- browseLaptops -->
        <test-method is-config="true" signature="tearDown()[pri:0, instance:tests.BrowseTests@3febb011]" started-at="2025-09-07T20:34:11 IST" name="tearDown" finished-at="2025-09-07T20:34:12 IST" duration-ms="127" status="PASS">
          <reporter-output>
          </reporter-output>
        </test-method> <!-- tearDown -->
        <test-method is-config="true" signature="setUp()[pri:0, instance:tests.BrowseTests@3febb011]" started-at="2025-09-07T20:34:12 IST" name="setUp" finished-at="2025-09-07T20:34:14 IST" duration-ms="2279" status="PASS">
          <reporter-output>
          </reporter-output>
        </test-method> <!-- setUp -->
        <test-method signature="browseMonitors()[pri:0, instance:tests.BrowseTests@3febb011]" started-at="2025-09-07T20:34:14 IST" name="browseMonitors" description="Browse Monitors and verify product details" finished-at="2025-09-07T20:34:17 IST" duration-ms="3138" status="PASS">
          <reporter-output>
          </reporter-output>
        </test-method> <!-- browseMonitors -->
        <test-method is-config="true" signature="tearDown()[pri:0, instance:tests.BrowseTests@3febb011]" started-at="2025-09-07T20:34:17 IST" name="tearDown" finished-at="2025-09-07T20:34:17 IST" duration-ms="139" status="PASS">
          <reporter-output>
          </reporter-output>
        </test-method> <!-- tearDown -->
        <test-method is-config="true" signature="setUp()[pri:0, instance:tests.BrowseTests@3febb011]" started-at="2025-09-07T20:34:17 IST" name="setUp" finished-at="2025-09-07T20:34:19 IST" duration-ms="2201" status="PASS">
          <reporter-output>
          </reporter-output>
        </test-method> <!-- setUp -->
        <test-method signature="browsePhones()[pri:0, instance:tests.BrowseTests@3febb011]" started-at="2025-09-07T20:34:19 IST" name="browsePhones" description="Browse Phones and verify product details" finished-at="2025-09-07T20:34:22 IST" duration-ms="2540" status="PASS">
          <reporter-output>
          </reporter-output>
        </test-method> <!-- browsePhones -->
        <test-method is-config="true" signature="tearDown()[pri:0, instance:tests.BrowseTests@3febb011]" started-at="2025-09-07T20:34:22 IST" name="tearDown" finished-at="2025-09-07T20:34:22 IST" duration-ms="103" status="PASS">
          <reporter-output>
          </reporter-output>
        </test-method> <!-- tearDown -->
      </class> <!-- tests.BrowseTests -->
    </test> <!-- Functional Tests -->
  </suite> <!-- Demoblaze Suite -->
</testng-results>
